#
# A fatal error has been detected by the Java Runtime Environment:
#
#  SIGSEGV (0xb) at pc=0x000000010244cdd4, pid=56010, tid=0x0000000000003707
#
# JRE version: Java(TM) SE Runtime Environment (8.0_171-b11) (build 1.8.0_171-b11)
# Java VM: Java HotSpot(TM) 64-Bit Server VM (25.171-b11 mixed mode bsd-amd64 compressed oops)
# Problematic frame:
# V  [libjvm.dylib+0x24cdd4]  frame::sender(RegisterMap*) const+0x78
#
# Failed to write core dump. Core dumps have been disabled. To enable core dumping, try "ulimit -c unlimited" before starting Java again
#
# If you would like to submit a bug report, please visit:
#   http://bugreport.java.com/bugreport/crash.jsp
#

---------------  T H R E A D  ---------------

Current thread (0x00007fd59782b000):  JavaThread "JDWP Transport Listener: dt_socket" daemon [_thread_in_vm, id=14087, stack(0x0000700004e28000,0x0000700004f28000)]

siginfo: si_signo: 11 (SIGSEGV), si_code: 1 (SEGV_MAPERR), si_addr: 0x000001b8e5894855

Registers:
RAX=0x000001b8e5894855, RBX=0x0000700004f26cd0, RCX=0xe589485590c35d00, RDX=0x00000001031f3620
RSP=0x0000700004f26c40, RBP=0x0000700004f26c60, RSI=0x00007fd5988c0958, RDI=0x00007fd5988c0958
R8 =0x00007fd5988c09e8, R9 =0x0000700004f26d60, R10=0x0000700004574bd0, R11=0xfffff02a6c666378
R12=0x0000700004f26cd0, R13=0x00007fd59782b000, R14=0x0000700004f26d00, R15=0x00007fd5988c0958
RIP=0x000000010244cdd4, EFLAGS=0x0000000000010246, ERR=0x0000000000000004
  TRAPNO=0x000000000000000e

Top of Stack: (sp=0x0000700004f26c40)
0x0000700004f26c40:   0000700004f26d00 00007fd5966005e0
0x0000700004f26c50:   0000700004f26cd0 0000700004f272f0
0x0000700004f26c60:   0000700004f26cc0 000000010244b7d8
0x0000700004f26c70:   0000700004574be0 0000000000000000
0x0000700004f26c80:   0000000000000000 0000700000000000
0x0000700004f26c90:   00007fd598cf4c10 00007fd5988c0350
0x0000700004f26ca0:   00007fd5966005e0 00007fd5988c0950
0x0000700004f26cb0:   0000000000001026 0000700004f272f0
0x0000700004f26cc0:   0000700004f272c0 00000001027ad082
0x0000700004f26cd0:   0000000102652fb0 e589485590c35d00
0x0000700004f26ce0:   0000000000000000 0000000000000000
0x0000700004f26cf0:   000001b8e5894855 0000000102652fb0
0x0000700004f26d00:   0000000500000001 0000000000000000
0x0000700004f26d10:   0000000000000000 00000001032c7750
0x0000700004f26d20:   0000000000000000 00000001032c8120
0x0000700004f26d30:   0000000000000012 00000001032c7750
0x0000700004f26d40:   0000000000000000 0000000102adf670
0x0000700004f26d50:   0000700004574bd0 0000700004574bd0
0x0000700004f26d60:   00000001032c7750 0000000000000000
0x0000700004f26d70:   000070000458ced8 0000700004563700
0x0000700004f26d80:   0000000000000000 0000000000000000
0x0000700004f26d90:   0000000000000000 0000000000000000
0x0000700004f26da0:   0000000000000000 0000000000000000
0x0000700004f26db0:   0000000000000000 0000000000000000
0x0000700004f26dc0:   0000000000000000 0000000000000000
0x0000700004f26dd0:   00007000045636f0 00007000045636f0
0x0000700004f26de0:   0000000000000000 0000000000000000
0x0000700004f26df0:   0000000000000000 0000000000000000
0x0000700004f26e00:   0000000000000000 0000000000000c00
0x0000700004f26e10:   0000000000000000 0000000000000000
0x0000700004f26e20:   0000000000000000 00007fd596803800
0x0000700004f26e30:   0000000000000001 00007fd596803800 

Instructions: (pc=0x000000010244cdd4)
0x000000010244cdb4:   fd ff ff eb 77 49 83 7f 10 00 74 10 4c 89 e7 4c
0x000000010244cdc4:   89 fe 4c 89 f2 e8 06 fe ff ff eb 60 49 8b 47 20
0x000000010244cdd4:   48 8b 08 48 8b 78 08 48 83 c0 10 49 89 04 24 49
0x000000010244cde4:   89 44 24 28 49 89 4c 24 20 49 89 7c 24 08 e8 fb 

Register to memory mapping:

RAX=0x000001b8e5894855 is an unknown value
RBX=0x0000700004f26cd0 is pointing into the stack for thread: 0x00007fd59782b000
RCX=0xe589485590c35d00 is an unknown value
RDX=0x00000001031f3620 is an unknown value
RSP=0x0000700004f26c40 is pointing into the stack for thread: 0x00007fd59782b000
RBP=0x0000700004f26c60 is pointing into the stack for thread: 0x00007fd59782b000
RSI=0x00007fd5988c0958 is an unknown value
RDI=0x00007fd5988c0958 is an unknown value
R8 =0x00007fd5988c09e8 is an unknown value
R9 =0x0000700004f26d60 is pointing into the stack for thread: 0x00007fd59782b000
R10=0x0000700004574bd0 is pointing into the stack for thread: 0x00007fd596803800
R11=0xfffff02a6c666378 is an unknown value
R12=0x0000700004f26cd0 is pointing into the stack for thread: 0x00007fd59782b000
R13=0x00007fd59782b000 is a thread
R14=0x0000700004f26d00 is pointing into the stack for thread: 0x00007fd59782b000
R15=0x00007fd5988c0958 is an unknown value


Stack: [0x0000700004e28000,0x0000700004f28000],  sp=0x0000700004f26c40,  free space=1019k
Native frames: (J=compiled Java code, j=interpreted, Vv=VM code, C=native code)
V  [libjvm.dylib+0x24cdd4]  frame::sender(RegisterMap*) const+0x78
V  [libjvm.dylib+0x24b7d8]  frame::real_sender(RegisterMap*) const+0x1e
V  [libjvm.dylib+0x5ad082]  vframe::sender() const+0x58
V  [libjvm.dylib+0x5acb29]  vframe::java_sender() const+0x2d
V  [libjvm.dylib+0x38d952]  JvmtiEnvBase::vframeFor(JavaThread*, int)+0x5c
V  [libjvm.dylib+0x38dccb]  JvmtiEnvBase::get_frame_location(JavaThread*, int, _jmethodID**, long*)+0x6f
V  [libjvm.dylib+0x38967a]  JvmtiEnv::GetFrameLocation(JavaThread*, int, _jmethodID**, long*)+0x50
V  [libjvm.dylib+0x35f17f]  jvmti_GetFrameLocation+0x156
C  [libjdwp.dylib+0x8666]  frames+0x1f5
C  [libjdwp.dylib+0xe50c]  debugLoop_run+0x1c2
C  [libjdwp.dylib+0x1f5de]  attachThread+0x4d
V  [libjvm.dylib+0x39bf00]  JvmtiAgentThread::call_start_function()+0x38
V  [libjvm.dylib+0x56eb0f]  JavaThread::thread_main_inner()+0x9b
V  [libjvm.dylib+0x57020a]  JavaThread::run()+0x1c2
V  [libjvm.dylib+0x48d4a6]  java_start(Thread*)+0xf6
C  [libsystem_pthread.dylib+0x3661]  _pthread_body+0x154
C  [libsystem_pthread.dylib+0x350d]  _pthread_body+0x0
C  [libsystem_pthread.dylib+0x2bf9]  thread_start+0xd
C  0x0000000000000000


---------------  P R O C E S S  ---------------

Java Threads: ( => current thread )
  0x00007fd598b56000 JavaThread "SIGTERM handler" daemon [_thread_blocked, id=18183, stack(0x0000700004384000,0x0000700004484000)]
  0x00007fd598029000 JavaThread "Service Thread" daemon [_thread_blocked, id=16643, stack(0x000070000543a000,0x000070000553a000)]
  0x00007fd597022000 JavaThread "C1 CompilerThread2" daemon [_thread_blocked, id=15107, stack(0x0000700005337000,0x0000700005437000)]
  0x00007fd59701e000 JavaThread "C2 CompilerThread1" daemon [_thread_blocked, id=17411, stack(0x0000700005234000,0x0000700005334000)]
  0x00007fd59802a000 JavaThread "C2 CompilerThread0" daemon [_thread_blocked, id=17923, stack(0x0000700005131000,0x0000700005231000)]
  0x00007fd59782b800 JavaThread "JDWP Event Helper Thread" daemon [_thread_blocked, id=14339, stack(0x0000700004f2b000,0x000070000502b000)]
=>0x00007fd59782b000 JavaThread "JDWP Transport Listener: dt_socket" daemon [_thread_in_vm, id=14087, stack(0x0000700004e28000,0x0000700004f28000)]
  0x00007fd596812800 JavaThread "Signal Dispatcher" daemon [_thread_blocked, id=13827, stack(0x0000700004d25000,0x0000700004e25000)]
  0x00007fd598007000 JavaThread "Finalizer" daemon [_thread_blocked, id=20227, stack(0x0000700004c22000,0x0000700004d22000)]
  0x00007fd598004000 JavaThread "Reference Handler" daemon [_thread_blocked, id=11523, stack(0x0000700004b1f000,0x0000700004c1f000)]
  0x00007fd596803800 JavaThread "main" [_thread_in_vm, id=9731, stack(0x000070000450d000,0x000070000460d000)]

Other Threads:
  0x00007fd597824000 VMThread [stack: 0x0000700004a1c000,0x0000700004b1c000] [id=11267]

VM state:not at safepoint (normal execution)

VM Mutex/Monitor currently owned by a thread: None

Heap:
 PSYoungGen      total 38400K, used 5325K [0x0000000795580000, 0x0000000798000000, 0x00000007c0000000)
  eden space 33280K, 16% used [0x0000000795580000,0x0000000795ab3628,0x0000000797600000)
  from space 5120K, 0% used [0x0000000797b00000,0x0000000797b00000,0x0000000798000000)
  to   space 5120K, 0% used [0x0000000797600000,0x0000000797600000,0x0000000797b00000)
 ParOldGen       total 87552K, used 0K [0x0000000740000000, 0x0000000745580000, 0x0000000795580000)
  object space 87552K, 0% used [0x0000000740000000,0x0000000740000000,0x0000000745580000)
 Metaspace       used 2812K, capacity 4566K, committed 4864K, reserved 1056768K
  class space    used 298K, capacity 390K, committed 512K, reserved 1048576K

Card table byte_map: [0x00000001121ae000,0x00000001125af000] byte_map_base: 0x000000010e7ae000

Marking Bits: (ParMarkBitMap*) 0x0000000102af76e0
 Begin Bits: [0x00000001125af000, 0x00000001145af000)
 End Bits:   [0x00000001145af000, 0x00000001165af000)

Polling page: 0x000000010114b000

CodeCache: size=245760Kb used=1300Kb max_used=1300Kb free=244459Kb
 bounds [0x00000001031ae000, 0x000000010341e000, 0x00000001121ae000]
 total_blobs=333 nmethods=110 adapters=145
 compilation: enabled

Compilation events (10 events):
Event: 0.472 Thread 0x00007fd597022000   44       3       java.util.ArrayList::<init> (12 bytes)
Event: 0.472 Thread 0x00007fd597022000 nmethod 44 0x00000001032c63d0 code [0x00000001032c6540, 0x00000001032c67d0]
Event: 0.472 Thread 0x00007fd597022000   45       3       java.util.LinkedHashMap::<init> (10 bytes)
Event: 0.473 Thread 0x00007fd597022000 nmethod 45 0x00000001032c6910 code [0x00000001032c6a80, 0x00000001032c6cf0]
Event: 0.473 Thread 0x00007fd597022000   42       3       java.util.HashMap::<init> (11 bytes)
Event: 0.473 Thread 0x00007fd597022000 nmethod 42 0x00000001032c6e10 code [0x00000001032c6f80, 0x00000001032c7190]
Event: 0.473 Thread 0x00007fd597022000   46       3       com.techelevator.Inventory::<init> (21 bytes)
Event: 0.473 Thread 0x00007fd597022000 nmethod 46 0x00000001032c7290 code [0x00000001032c7400, 0x00000001032c7668]
Event: 0.473 Thread 0x00007fd597022000   47       3       com.techelevator.Slot::<init> (38 bytes)
Event: 0.474 Thread 0x00007fd597022000 nmethod 47 0x00000001032c7750 code [0x00000001032c7920, 0x00000001032c80c8]

GC Heap History (0 events):
No events

Deoptimization events (0 events):
No events

Classes redefined (0 events):
No events

Internal exceptions (4 events):
Event: 0.048 Thread 0x00007fd596803800 Exception <a 'java/lang/NoSuchMethodError': Method sun.misc.Unsafe.defineClass(Ljava/lang/String;[BII)Ljava/lang/Class; name or signature does not match> (0x0000000795587cb0) thrown at [/Users/java_re/workspace/8-2-build-macosx-x86_64/jdk8u171/10807/hotsp
Event: 0.048 Thread 0x00007fd596803800 Exception <a 'java/lang/NoSuchMethodError': Method sun.misc.Unsafe.prefetchRead(Ljava/lang/Object;J)V name or signature does not match> (0x0000000795587f98) thrown at [/Users/java_re/workspace/8-2-build-macosx-x86_64/jdk8u171/10807/hotspot/src/share/vm/pr
Event: 0.474 Thread 0x00007fd596803800 StackOverflowError at 0x00000001032c7940
Event: 57.614 Thread 0x00007fd596803800 Exception <a 'java/lang/StackOverflowError'> (0x000000079581cc10) thrown at [/Users/java_re/workspace/8-2-build-macosx-x86_64/jdk8u171/10807/hotspot/src/share/vm/runtime/sharedRuntime.cpp, line 605]

Events (10 events):
Event: 57.656 Thread 0x00007fd596803800 DEOPT PACKING pc=0x00000001032c7e44 sp=0x000070000457e780
Event: 57.656 Thread 0x00007fd596803800 DEOPT UNPACKING pc=0x00000001031f5784 sp=0x000070000457e4b0 mode 1
Event: 57.656 Thread 0x00007fd596803800 DEOPT PACKING pc=0x00000001032c7e44 sp=0x000070000457e820
Event: 57.656 Thread 0x00007fd596803800 DEOPT UNPACKING pc=0x00000001031f5784 sp=0x000070000457e550 mode 1
Event: 57.656 Thread 0x00007fd596803800 DEOPT PACKING pc=0x00000001032c7e44 sp=0x000070000457e8c0
Event: 57.656 Thread 0x00007fd596803800 DEOPT UNPACKING pc=0x00000001031f5784 sp=0x000070000457e5f0 mode 1
Event: 57.656 Thread 0x00007fd596803800 DEOPT PACKING pc=0x00000001032c7e44 sp=0x000070000457e960
Event: 57.656 Thread 0x00007fd596803800 DEOPT UNPACKING pc=0x00000001031f5784 sp=0x000070000457e690 mode 1
Event: 57.656 Thread 0x00007fd596803800 DEOPT PACKING pc=0x00000001032c7e44 sp=0x000070000457ea00
Event: 57.656 Thread 0x00007fd596803800 DEOPT UNPACKING pc=0x00000001031f5784 sp=0x000070000457e730 mode 1


Dynamic libraries:
0x0000000001f66000 	/System/Library/Frameworks/Cocoa.framework/Versions/A/Cocoa
0x0000000001f66000 	/System/Library/Frameworks/Security.framework/Versions/A/Security
0x0000000001f66000 	/System/Library/Frameworks/ApplicationServices.framework/Versions/A/ApplicationServices
0x0000000001f66000 	/usr/lib/libz.1.dylib
0x0000000001f66000 	/usr/lib/libSystem.B.dylib
0x0000000001f66000 	/usr/lib/libobjc.A.dylib
0x0000000001f66000 	/System/Library/Frameworks/CoreFoundation.framework/Versions/A/CoreFoundation
0x0000000001f66000 	/System/Library/Frameworks/Foundation.framework/Versions/C/Foundation
0x0000000001f66000 	/System/Library/Frameworks/AppKit.framework/Versions/C/AppKit
0x0000000001f66000 	/System/Library/Frameworks/CoreData.framework/Versions/A/CoreData
0x0000000001f66000 	/System/Library/PrivateFrameworks/RemoteViewServices.framework/Versions/A/RemoteViewServices
0x0000000001f66000 	/System/Library/PrivateFrameworks/UIFoundation.framework/Versions/A/UIFoundation
0x0000000001f66000 	/System/Library/PrivateFrameworks/DFRFoundation.framework/Versions/A/DFRFoundation
0x0000000001f66000 	/System/Library/Frameworks/Metal.framework/Versions/A/Metal
0x0000000001f66000 	/System/Library/PrivateFrameworks/DesktopServicesPriv.framework/Versions/A/DesktopServicesPriv
0x0000000001f66000 	/usr/lib/libenergytrace.dylib
0x0000000001f66000 	/System/Library/PrivateFrameworks/SkyLight.framework/Versions/A/SkyLight
0x0000000001f66000 	/System/Library/Frameworks/CoreGraphics.framework/Versions/A/CoreGraphics
0x0000000001f66000 	/usr/lib/libScreenReader.dylib
0x0000000001f66000 	/System/Library/Frameworks/Accelerate.framework/Versions/A/Accelerate
0x0000000001f66000 	/System/Library/Frameworks/IOSurface.framework/Versions/A/IOSurface
0x0000000001f66000 	/System/Library/Frameworks/AudioToolbox.framework/Versions/A/AudioToolbox
0x0000000001f66000 	/System/Library/Frameworks/AudioUnit.framework/Versions/A/AudioUnit
0x0000000001f66000 	/System/Library/PrivateFrameworks/DataDetectorsCore.framework/Versions/A/DataDetectorsCore
0x0000000001f66000 	/System/Library/Frameworks/Carbon.framework/Versions/A/Frameworks/HIToolbox.framework/Versions/A/HIToolbox
0x0000000001f66000 	/usr/lib/libicucore.A.dylib
0x0000000001f66000 	/System/Library/Frameworks/QuartzCore.framework/Versions/A/QuartzCore
0x0000000001f66000 	/System/Library/PrivateFrameworks/SignpostNotification.framework/Versions/A/SignpostNotification
0x0000000001f66000 	/System/Library/Frameworks/Carbon.framework/Versions/A/Frameworks/SpeechRecognition.framework/Versions/A/SpeechRecognition
0x0000000001f66000 	/usr/lib/libauto.dylib
0x0000000001f66000 	/usr/lib/libxml2.2.dylib
0x0000000001f66000 	/System/Library/PrivateFrameworks/CoreUI.framework/Versions/A/CoreUI
0x0000000001f66000 	/System/Library/Frameworks/CoreAudio.framework/Versions/A/CoreAudio
0x0000000001f66000 	/System/Library/Frameworks/DiskArbitration.framework/Versions/A/DiskArbitration
0x0000000001f66000 	/usr/lib/liblangid.dylib
0x0000000001f66000 	/System/Library/PrivateFrameworks/MultitouchSupport.framework/Versions/A/MultitouchSupport
0x0000000001f66000 	/System/Library/Frameworks/IOKit.framework/Versions/A/IOKit
0x0000000001f66000 	/usr/lib/libDiagnosticMessagesClient.dylib
0x0000000001f66000 	/System/Library/Frameworks/CoreServices.framework/Versions/A/CoreServices
0x0000000001f66000 	/System/Library/PrivateFrameworks/PerformanceAnalysis.framework/Versions/A/PerformanceAnalysis
0x0000000001f66000 	/System/Library/Frameworks/OpenGL.framework/Versions/A/OpenGL
0x0000000001f66000 	/System/Library/Frameworks/ColorSync.framework/Versions/A/ColorSync
0x0000000001f66000 	/System/Library/Frameworks/CoreImage.framework/Versions/A/CoreImage
0x0000000001f66000 	/System/Library/Frameworks/CoreText.framework/Versions/A/CoreText
0x0000000001f66000 	/System/Library/Frameworks/ImageIO.framework/Versions/A/ImageIO
0x0000000001f66000 	/System/Library/PrivateFrameworks/Backup.framework/Versions/A/Backup
0x0000000001f66000 	/usr/lib/libarchive.2.dylib
0x0000000001f66000 	/System/Library/Frameworks/CFNetwork.framework/Versions/A/CFNetwork
0x0000000001f66000 	/System/Library/Frameworks/SystemConfiguration.framework/Versions/A/SystemConfiguration
0x0000000001f66000 	/usr/lib/libCRFSuite.dylib
0x0000000001f66000 	/usr/lib/libc++.1.dylib
0x0000000001f66000 	/usr/lib/libc++abi.dylib
0x0000000001f66000 	/usr/lib/system/libcache.dylib
0x0000000001f66000 	/usr/lib/system/libcommonCrypto.dylib
0x0000000001f66000 	/usr/lib/system/libcompiler_rt.dylib
0x0000000001f66000 	/usr/lib/system/libcopyfile.dylib
0x0000000001f66000 	/usr/lib/system/libcorecrypto.dylib
0x0000000001f66000 	/usr/lib/system/libdispatch.dylib
0x0000000001f66000 	/usr/lib/system/libdyld.dylib
0x0000000001f66000 	/usr/lib/system/libkeymgr.dylib
0x0000000001f66000 	/usr/lib/system/liblaunch.dylib
0x0000000001f66000 	/usr/lib/system/libmacho.dylib
0x0000000001f66000 	/usr/lib/system/libquarantine.dylib
0x0000000001f66000 	/usr/lib/system/libremovefile.dylib
0x0000000001f66000 	/usr/lib/system/libsystem_asl.dylib
0x0000000001f66000 	/usr/lib/system/libsystem_blocks.dylib
0x0000000001f66000 	/usr/lib/system/libsystem_c.dylib
0x0000000001f66000 	/usr/lib/system/libsystem_configuration.dylib
0x0000000001f66000 	/usr/lib/system/libsystem_coreservices.dylib
0x0000000001f66000 	/usr/lib/system/libsystem_darwin.dylib
0x0000000001f66000 	/usr/lib/system/libsystem_dnssd.dylib
0x0000000001f66000 	/usr/lib/system/libsystem_info.dylib
0x0000000001f66000 	/usr/lib/system/libsystem_m.dylib
0x0000000001f66000 	/usr/lib/system/libsystem_malloc.dylib
0x0000000001f66000 	/usr/lib/system/libsystem_network.dylib
0x0000000001f66000 	/usr/lib/system/libsystem_networkextension.dylib
0x0000000001f66000 	/usr/lib/system/libsystem_notify.dylib
0x0000000001f66000 	/usr/lib/system/libsystem_sandbox.dylib
0x0000000001f66000 	/usr/lib/system/libsystem_secinit.dylib
0x0000000001f66000 	/usr/lib/system/libsystem_kernel.dylib
0x0000000001f66000 	/usr/lib/system/libsystem_platform.dylib
0x0000000001f66000 	/usr/lib/system/libsystem_pthread.dylib
0x0000000001f66000 	/usr/lib/system/libsystem_symptoms.dylib
0x0000000001f66000 	/usr/lib/system/libsystem_trace.dylib
0x0000000001f66000 	/usr/lib/system/libunwind.dylib
0x0000000001f66000 	/usr/lib/system/libxpc.dylib
0x0000000001f66000 	/usr/lib/closure/libclosured.dylib
0x0000000001f66000 	/usr/lib/libbsm.0.dylib
0x0000000001f66000 	/usr/lib/system/libkxld.dylib
0x0000000001f66000 	/usr/lib/libOpenScriptingUtil.dylib
0x0000000001f66000 	/usr/lib/libcoretls.dylib
0x0000000001f66000 	/usr/lib/libcoretls_cfhelpers.dylib
0x0000000001f66000 	/usr/lib/libpam.2.dylib
0x0000000001f66000 	/usr/lib/libsqlite3.dylib
0x0000000001f66000 	/usr/lib/libxar.1.dylib
0x0000000001f66000 	/usr/lib/libbz2.1.0.dylib
0x0000000001f66000 	/usr/lib/liblzma.5.dylib
0x0000000001f66000 	/usr/lib/libnetwork.dylib
0x0000000001f66000 	/usr/lib/libapple_nghttp2.dylib
0x0000000001f66000 	/usr/lib/libpcap.A.dylib
0x0000000001f66000 	/usr/lib/libboringssl.dylib
0x0000000001f66000 	/usr/lib/libusrtcp.dylib
0x0000000001f66000 	/usr/lib/libapple_crypto.dylib
0x0000000001f66000 	/System/Library/Frameworks/CoreServices.framework/Versions/A/Frameworks/FSEvents.framework/Versions/A/FSEvents
0x0000000001f66000 	/System/Library/Frameworks/CoreServices.framework/Versions/A/Frameworks/CarbonCore.framework/Versions/A/CarbonCore
0x0000000001f66000 	/System/Library/Frameworks/CoreServices.framework/Versions/A/Frameworks/Metadata.framework/Versions/A/Metadata
0x0000000001f66000 	/System/Library/Frameworks/CoreServices.framework/Versions/A/Frameworks/OSServices.framework/Versions/A/OSServices
0x0000000001f66000 	/System/Library/Frameworks/CoreServices.framework/Versions/A/Frameworks/SearchKit.framework/Versions/A/SearchKit
0x0000000001f66000 	/System/Library/Frameworks/CoreServices.framework/Versions/A/Frameworks/AE.framework/Versions/A/AE
0x0000000001f66000 	/System/Library/Frameworks/CoreServices.framework/Versions/A/Frameworks/LaunchServices.framework/Versions/A/LaunchServices
0x0000000001f66000 	/System/Library/Frameworks/CoreServices.framework/Versions/A/Frameworks/DictionaryServices.framework/Versions/A/DictionaryServices
0x0000000001f66000 	/System/Library/Frameworks/CoreServices.framework/Versions/A/Frameworks/SharedFileList.framework/Versions/A/SharedFileList
0x0000000001f66000 	/System/Library/Frameworks/NetFS.framework/Versions/A/NetFS
0x0000000001f66000 	/System/Library/PrivateFrameworks/NetAuth.framework/Versions/A/NetAuth
0x0000000001f66000 	/System/Library/PrivateFrameworks/login.framework/Versions/A/Frameworks/loginsupport.framework/Versions/A/loginsupport
0x0000000001f66000 	/System/Library/PrivateFrameworks/TCC.framework/Versions/A/TCC
0x0000000001f66000 	/usr/lib/libmecabra.dylib
0x0000000001f66000 	/System/Library/Frameworks/ApplicationServices.framework/Versions/A/Frameworks/ATS.framework/Versions/A/ATS
0x0000000001f66000 	/System/Library/Frameworks/ApplicationServices.framework/Versions/A/Frameworks/ColorSyncLegacy.framework/Versions/A/ColorSyncLegacy
0x0000000001f66000 	/System/Library/Frameworks/ApplicationServices.framework/Versions/A/Frameworks/HIServices.framework/Versions/A/HIServices
0x0000000001f66000 	/System/Library/Frameworks/ApplicationServices.framework/Versions/A/Frameworks/LangAnalysis.framework/Versions/A/LangAnalysis
0x0000000001f66000 	/System/Library/Frameworks/ApplicationServices.framework/Versions/A/Frameworks/PrintCore.framework/Versions/A/PrintCore
0x0000000001f66000 	/System/Library/Frameworks/ApplicationServices.framework/Versions/A/Frameworks/QD.framework/Versions/A/QD
0x0000000001f66000 	/System/Library/Frameworks/ApplicationServices.framework/Versions/A/Frameworks/SpeechSynthesis.framework/Versions/A/SpeechSynthesis
0x0000000001f66000 	/System/Library/Frameworks/CoreDisplay.framework/Versions/A/CoreDisplay
0x0000000001f66000 	/System/Library/Frameworks/Accelerate.framework/Versions/A/Frameworks/vImage.framework/Versions/A/vImage
0x0000000001f66000 	/System/Library/Frameworks/Accelerate.framework/Versions/A/Frameworks/vecLib.framework/Versions/A/vecLib
0x0000000001f66000 	/System/Library/Frameworks/Accelerate.framework/Versions/A/Frameworks/vecLib.framework/Versions/A/libvDSP.dylib
0x0000000001f66000 	/System/Library/Frameworks/Accelerate.framework/Versions/A/Frameworks/vecLib.framework/Versions/A/libBNNS.dylib
0x0000000001f66000 	/System/Library/Frameworks/Accelerate.framework/Versions/A/Frameworks/vecLib.framework/Versions/A/libQuadrature.dylib
0x0000000001f66000 	/System/Library/Frameworks/Accelerate.framework/Versions/A/Frameworks/vecLib.framework/Versions/A/libvMisc.dylib
0x0000000001f66000 	/System/Library/Frameworks/Accelerate.framework/Versions/A/Frameworks/vecLib.framework/Versions/A/libLAPACK.dylib
0x0000000001f66000 	/System/Library/Frameworks/Accelerate.framework/Versions/A/Frameworks/vecLib.framework/Versions/A/libBLAS.dylib
0x0000000001f66000 	/System/Library/Frameworks/Accelerate.framework/Versions/A/Frameworks/vecLib.framework/Versions/A/libLinearAlgebra.dylib
0x0000000001f66000 	/System/Library/Frameworks/Accelerate.framework/Versions/A/Frameworks/vecLib.framework/Versions/A/libSparse.dylib
0x0000000001f66000 	/System/Library/Frameworks/Accelerate.framework/Versions/A/Frameworks/vecLib.framework/Versions/A/libSparseBLAS.dylib
0x0000000001f66000 	/System/Library/PrivateFrameworks/GPUWrangler.framework/Versions/A/GPUWrangler
0x0000000001f66000 	/System/Library/PrivateFrameworks/IOAccelerator.framework/Versions/A/IOAccelerator
0x0000000001f66000 	/System/Library/PrivateFrameworks/IOPresentment.framework/Versions/A/IOPresentment
0x0000000001f66000 	/System/Library/PrivateFrameworks/DSExternalDisplay.framework/Versions/A/DSExternalDisplay
0x0000000001f66000 	/System/Library/Frameworks/OpenGL.framework/Versions/A/Libraries/libCoreFSCache.dylib
0x0000000001f66000 	/System/Library/Frameworks/CoreVideo.framework/Versions/A/CoreVideo
0x0000000001f66000 	/System/Library/PrivateFrameworks/GraphVisualizer.framework/Versions/A/GraphVisualizer
0x0000000001f66000 	/System/Library/Frameworks/MetalPerformanceShaders.framework/Versions/A/MetalPerformanceShaders
0x0000000001f66000 	/usr/lib/libFosl_dynamic.dylib
0x0000000001f66000 	/System/Library/PrivateFrameworks/FaceCore.framework/Versions/A/FaceCore
0x0000000001f66000 	/System/Library/Frameworks/OpenCL.framework/Versions/A/OpenCL
0x0000000001f66000 	/usr/lib/libcompression.dylib
0x0000000001f66000 	/System/Library/Frameworks/ApplicationServices.framework/Versions/A/Frameworks/ATS.framework/Versions/A/Resources/libFontParser.dylib
0x0000000001f66000 	/System/Library/Frameworks/ApplicationServices.framework/Versions/A/Frameworks/ATS.framework/Versions/A/Resources/libFontRegistry.dylib
0x0000000001f66000 	/System/Library/Frameworks/ImageIO.framework/Versions/A/Resources/libJPEG.dylib
0x0000000001f66000 	/System/Library/Frameworks/ImageIO.framework/Versions/A/Resources/libTIFF.dylib
0x0000000001f66000 	/System/Library/Frameworks/ImageIO.framework/Versions/A/Resources/libPng.dylib
0x0000000001f66000 	/System/Library/Frameworks/ImageIO.framework/Versions/A/Resources/libGIF.dylib
0x0000000001f66000 	/System/Library/Frameworks/ImageIO.framework/Versions/A/Resources/libJP2.dylib
0x0000000001f66000 	/System/Library/Frameworks/ImageIO.framework/Versions/A/Resources/libRadiance.dylib
0x0000000001f66000 	/System/Library/PrivateFrameworks/AppleJPEG.framework/Versions/A/AppleJPEG
0x0000000001f66000 	/System/Library/Frameworks/MetalPerformanceShaders.framework/Frameworks/MPSCore.framework/Versions/A/MPSCore
0x0000000001f66000 	/System/Library/Frameworks/MetalPerformanceShaders.framework/Frameworks/MPSImage.framework/Versions/A/MPSImage
0x0000000001f66000 	/System/Library/Frameworks/MetalPerformanceShaders.framework/Frameworks/MPSNeuralNetwork.framework/Versions/A/MPSNeuralNetwork
0x0000000001f66000 	/System/Library/Frameworks/MetalPerformanceShaders.framework/Frameworks/MPSMatrix.framework/Versions/A/MPSMatrix
0x0000000001f66000 	/System/Library/PrivateFrameworks/MetalTools.framework/Versions/A/MetalTools
0x0000000001f66000 	/System/Library/Frameworks/OpenGL.framework/Versions/A/Libraries/libGLU.dylib
0x0000000001f66000 	/System/Library/Frameworks/OpenGL.framework/Versions/A/Libraries/libGFXShared.dylib
0x0000000001f66000 	/System/Library/Frameworks/OpenGL.framework/Versions/A/Libraries/libGL.dylib
0x0000000001f66000 	/System/Library/Frameworks/OpenGL.framework/Versions/A/Libraries/libGLImage.dylib
0x0000000001f66000 	/System/Library/Frameworks/OpenGL.framework/Versions/A/Libraries/libCVMSPluginSupport.dylib
0x0000000001f66000 	/System/Library/Frameworks/OpenGL.framework/Versions/A/Libraries/libCoreVMClient.dylib
0x0000000001f66000 	/usr/lib/libcups.2.dylib
0x0000000001f66000 	/System/Library/Frameworks/Kerberos.framework/Versions/A/Kerberos
0x0000000001f66000 	/System/Library/Frameworks/GSS.framework/Versions/A/GSS
0x0000000001f66000 	/usr/lib/libresolv.9.dylib
0x0000000001f66000 	/usr/lib/libiconv.2.dylib
0x0000000001f66000 	/System/Library/PrivateFrameworks/Heimdal.framework/Versions/A/Heimdal
0x0000000001f66000 	/usr/lib/libheimdal-asn1.dylib
0x0000000001f66000 	/System/Library/Frameworks/OpenDirectory.framework/Versions/A/OpenDirectory
0x0000000001f66000 	/System/Library/PrivateFrameworks/CommonAuth.framework/Versions/A/CommonAuth
0x0000000001f66000 	/System/Library/Frameworks/OpenDirectory.framework/Versions/A/Frameworks/CFOpenDirectory.framework/Versions/A/CFOpenDirectory
0x0000000001f66000 	/System/Library/Frameworks/SecurityFoundation.framework/Versions/A/SecurityFoundation
0x0000000001f66000 	/System/Library/PrivateFrameworks/APFS.framework/Versions/A/APFS
0x0000000001f66000 	/usr/lib/libutil.dylib
0x0000000001f66000 	/System/Library/PrivateFrameworks/AppleSauce.framework/Versions/A/AppleSauce
0x0000000001f66000 	/System/Library/PrivateFrameworks/LinguisticData.framework/Versions/A/LinguisticData
0x0000000001f66000 	/usr/lib/libmarisa.dylib
0x0000000001f66000 	/System/Library/PrivateFrameworks/Lexicon.framework/Versions/A/Lexicon
0x0000000001f66000 	/usr/lib/libChineseTokenizer.dylib
0x0000000001f66000 	/usr/lib/libcmph.dylib
0x0000000001f66000 	/System/Library/PrivateFrameworks/LanguageModeling.framework/Versions/A/LanguageModeling
0x0000000001f66000 	/System/Library/PrivateFrameworks/CoreEmoji.framework/Versions/A/CoreEmoji
0x0000000001f66000 	/System/Library/Frameworks/ServiceManagement.framework/Versions/A/ServiceManagement
0x0000000001f66000 	/System/Library/PrivateFrameworks/BackgroundTaskManagement.framework/Versions/A/BackgroundTaskManagement
0x0000000001f66000 	/usr/lib/libxslt.1.dylib
0x0000000001f66000 	/System/Library/Frameworks/Carbon.framework/Versions/A/Frameworks/Ink.framework/Versions/A/Ink
0x0000000001f66000 	/System/Library/PrivateFrameworks/TextureIO.framework/Versions/A/TextureIO
0x0000000001f66000 	/usr/lib/libate.dylib
0x0000000001f66000 	/System/Library/PrivateFrameworks/CrashReporterSupport.framework/Versions/A/CrashReporterSupport
0x0000000001f66000 	/System/Library/PrivateFrameworks/Sharing.framework/Versions/A/Sharing
0x0000000001f66000 	/System/Library/PrivateFrameworks/IconServices.framework/Versions/A/IconServices
0x0000000001f66000 	/System/Library/PrivateFrameworks/Apple80211.framework/Versions/A/Apple80211
0x0000000001f66000 	/System/Library/PrivateFrameworks/CoreUtils.framework/Versions/A/CoreUtils
0x0000000001f66000 	/System/Library/Frameworks/CoreWLAN.framework/Versions/A/CoreWLAN
0x0000000001f66000 	/System/Library/Frameworks/IOBluetooth.framework/Versions/A/IOBluetooth
0x0000000001f66000 	/System/Library/PrivateFrameworks/ProtocolBuffer.framework/Versions/A/ProtocolBuffer
0x0000000001f66000 	/System/Library/PrivateFrameworks/CoreWiFi.framework/Versions/A/CoreWiFi
0x0000000001f66000 	/System/Library/Frameworks/CoreBluetooth.framework/Versions/A/CoreBluetooth
0x0000000001f66000 	/System/Library/PrivateFrameworks/DebugSymbols.framework/Versions/A/DebugSymbols
0x0000000001f66000 	/System/Library/PrivateFrameworks/CoreSymbolication.framework/Versions/A/CoreSymbolication
0x0000000001f66000 	/System/Library/PrivateFrameworks/Symbolication.framework/Versions/A/Symbolication
0x0000000001f66000 	/System/Library/PrivateFrameworks/AppleFSCompression.framework/Versions/A/AppleFSCompression
0x0000000001f66000 	/System/Library/PrivateFrameworks/SpeechRecognitionCore.framework/Versions/A/SpeechRecognitionCore
0x0000000102200000 	/Library/Java/JavaVirtualMachines/jdk1.8.0_171.jdk/Contents/Home/jre/lib/server/libjvm.dylib
0x0000000001f66000 	/usr/lib/libstdc++.6.0.9.dylib
0x0000000101107000 	/Library/Java/JavaVirtualMachines/jdk1.8.0_171.jdk/Contents/Home/jre/lib/libverify.dylib
0x0000000101115000 	/Library/Java/JavaVirtualMachines/jdk1.8.0_171.jdk/Contents/Home/jre/lib/libjava.dylib
0x000000010114c000 	/Library/Java/JavaVirtualMachines/jdk1.8.0_171.jdk/Contents/Home/jre/lib/libjdwp.dylib
0x0000000101197000 	/Library/Java/JavaVirtualMachines/jdk1.8.0_171.jdk/Contents/Home/jre/lib/libnpt.dylib
0x00000001011e4000 	/Library/Java/JavaVirtualMachines/jdk1.8.0_171.jdk/Contents/Home/jre/lib/libzip.dylib
0x00000001018d1000 	/Library/Java/JavaVirtualMachines/jdk1.8.0_171.jdk/Contents/Home/jre/lib/libdt_socket.dylib

VM Arguments:
jvm_args: -agentlib:jdwp=transport=dt_socket,suspend=y,address=localhost:64347 -Dfile.encoding=UTF-8 
java_command: com.techelevator.VendingMachineCLI
java_class_path (initial): /Library/Java/JavaVirtualMachines/jdk1.8.0_171.jdk/Contents/Home/jre/lib/resources.jar:/Library/Java/JavaVirtualMachines/jdk1.8.0_171.jdk/Contents/Home/jre/lib/rt.jar:/Library/Java/JavaVirtualMachines/jdk1.8.0_171.jdk/Contents/Home/jre/lib/jsse.jar:/Library/Java/JavaVirtualMachines/jdk1.8.0_171.jdk/Contents/Home/jre/lib/jce.jar:/Library/Java/JavaVirtualMachines/jdk1.8.0_171.jdk/Contents/Home/jre/lib/charsets.jar:/Library/Java/JavaVirtualMachines/jdk1.8.0_171.jdk/Contents/Home/jre/lib/jfr.jar:/Library/Java/JavaVirtualMachines/jdk1.8.0_171.jdk/Contents/Home/jre/lib/ext/sunec.jar:/Library/Java/JavaVirtualMachines/jdk1.8.0_171.jdk/Contents/Home/jre/lib/ext/nashorn.jar:/Library/Java/JavaVirtualMachines/jdk1.8.0_171.jdk/Contents/Home/jre/lib/ext/cldrdata.jar:/Library/Java/JavaVirtualMachines/jdk1.8.0_171.jdk/Contents/Home/jre/lib/ext/jfxrt.jar:/Library/Java/JavaVirtualMachines/jdk1.8.0_171.jdk/Contents/Home/jre/lib/ext/dnsns.jar:/Library/Java/JavaVirtualMachines/jdk1.8.0_171.jdk/Contents/Home/jre/lib/ext/localedata.jar:/Library/Java/JavaVirtualMachines/jdk1.8.0_171.jdk/Contents/Home/jre/lib/ext/sunjce_provider.jar:/Library/Java/JavaVirtualMachines/jdk1.8.0_171.jdk/Contents/Home/jre/lib/ext/sunpkcs11.jar:/Library/Java/JavaVirtualMachines/jdk1.8.0_171.jdk/Contents/Home/jre/lib/ext/jaccess.jar:/Library/Java/JavaVirtualMachines/jdk1.8.0_171.jdk/Contents/Home/jre/lib/ext/zipfs.jar:/System/Library/Java/Extensions/MRJToolkit.jar:/Users/akreutzer/Development/Pairs/team2-java-green-week4-pair-exercises/m1-capstone/target/classes
Launcher Type: SUN_STANDARD

Environment Variables:
PATH=/usr/bin:/bin:/usr/sbin:/sbin
SHELL=/bin/bash

Signal Handlers:
SIGSEGV: [libjvm.dylib+0x5b512d], sa_mask[0]=11111111011111110111111111111111, sa_flags=SA_ONSTACK|SA_RESTART|SA_SIGINFO
SIGBUS: [libjvm.dylib+0x5b512d], sa_mask[0]=11111111011111110111111111111111, sa_flags=SA_RESTART|SA_SIGINFO
SIGFPE: [libjvm.dylib+0x48aa90], sa_mask[0]=11111111011111110111111111111111, sa_flags=SA_RESTART|SA_SIGINFO
SIGPIPE: [libjvm.dylib+0x48aa90], sa_mask[0]=11111111011111110111111111111111, sa_flags=SA_RESTART|SA_SIGINFO
SIGXFSZ: [libjvm.dylib+0x48aa90], sa_mask[0]=11111111011111110111111111111111, sa_flags=SA_RESTART|SA_SIGINFO
SIGILL: [libjvm.dylib+0x48aa90], sa_mask[0]=11111111011111110111111111111111, sa_flags=SA_RESTART|SA_SIGINFO
SIGUSR1: SIG_DFL, sa_mask[0]=00000000000000000000000000000000, sa_flags=none
SIGUSR2: [libjvm.dylib+0x48a5ae], sa_mask[0]=00100000000000000000000000000000, sa_flags=SA_RESTART|SA_SIGINFO
SIGHUP: [libjvm.dylib+0x488b79], sa_mask[0]=11111111011111110111111111111111, sa_flags=SA_RESTART|SA_SIGINFO
SIGINT: [libjvm.dylib+0x488b79], sa_mask[0]=11111111011111110111111111111111, sa_flags=SA_RESTART|SA_SIGINFO
SIGTERM: [libjvm.dylib+0x488b79], sa_mask[0]=11111111011111110111111111111111, sa_flags=SA_RESTART|SA_SIGINFO
SIGQUIT: [libjvm.dylib+0x488b79], sa_mask[0]=11111111011111110111111111111111, sa_flags=SA_RESTART|SA_SIGINFO


---------------  S Y S T E M  ---------------

OS:Bsduname:Darwin 17.5.0 Darwin Kernel Version 17.5.0: Fri Apr 13 19:32:32 PDT 2018; root:xnu-4570.51.2~1/RELEASE_X86_64 x86_64
rlimit: STACK 8192k, CORE 0k, NPROC 709, NOFILE 10240, AS infinity
load average:2.47 2.38 1.97

CPU:total 4 (initial active 4) (2 cores per cpu, 2 threads per core) family 6 model 61 stepping 4, cmov, cx8, fxsr, mmx, sse, sse2, sse3, ssse3, sse4.1, sse4.2, popcnt, avx, avx2, aes, clmul, erms, rtm, 3dnowpref, lzcnt, ht, tsc, tscinvbit, bmi1, bmi2, adx

Memory: 4k page, physical 8388608k(2353164k free)

/proc/meminfo:


vm_info: Java HotSpot(TM) 64-Bit Server VM (25.171-b11) for bsd-amd64 JRE (1.8.0_171-b11), built on Mar 28 2018 12:50:57 by "java_re" with gcc 4.2.1 (Based on Apple Inc. build 5658) (LLVM build 2336.11.00)

time: Fri Jun 15 16:36:00 2018
elapsed time: 57 seconds (0d 0h 0m 57s)

